// 重构日志: fe0ad13f
// 重构日志: bffd7c2b
// 同步 ID: 41693f56 @ Sun Jul  5 13:03:20 UTC 2026
// 重构日志: 8cbf2af1
// 重构日志: 0570471c
// 重构日志: ef838c3f
// 重构日志: 47d5ea6f
// 重构日志: 669533b2
// 重构日志: dd0d9740
// 重构日志: 7f83409d
// 重构日志: 135ca698
// 重构日志: a1f80076
// 同步 ID: 1318059a @ Sat Jul 11 12:54:24 UTC 2026
// 重构日志: c08bb763
// 重构日志: d5f91bf8
// 重构日志: 5048e1a9
// 同步 ID: 701c04b8 @ Tue Jul 14 14:45:51 UTC 2026
// 重构日志: 408e7ea2
// 同步 ID: 43ae1e4e @ Tue Jul 14 18:13:55 UTC 2026
// 同步 ID: bcd06fff @ Wed Jul 15 04:21:46 UTC 2026
// 同步 ID: 5c296126 @ Thu Jul 16 07:32:27 UTC 2026
// 重构日志: 0f57f6bc
// 同步 ID: 6c7a72d1 @ Fri Jul 17 01:07:42 UTC 2026
// 同步 ID: 2d65a835 @ Fri Jul 17 03:53:38 UTC 2026
// 重构日志: bee6a707
// 同步 ID: ca22bfa1 @ Sat Jul 18 09:02:37 UTC 2026
// 重构日志: cabb94b1
// 同步 ID: 9e969d93 @ Sun Jul 19 10:16:15 UTC 2026
// 重构日志: 4196b01d
// 同步 ID: 889a2ed6 @ Mon Jul 20 13:22:34 UTC 2026
// 重构日志: 50c71e15
// 重构日志: 2f3318f5
